The system is: Linux - 3.10.0-1062.1.2.el7.x86_64 - x86_64
Compiling the C compiler identification source file "CMakeCCompilerId.c" succeeded.
Compiler: /cvmfs/larsoft.opensciencegrid.org/products/gcc/v7_3_0/Linux64bit+3.10-2.17/bin/cc 
Build flags: 
Id flags: 

The output was:
0


Compilation of the C compiler identification source "CMakeCCompilerId.c" produced "a.out"

The C compiler identification is GNU, found in "/home/epp/phuznm/Documents/Pandora/LArReco/build/CMakeFiles/2.8.12.2/CompilerIdC/a.out"

Compiling the CXX compiler identification source file "CMakeCXXCompilerId.cpp" succeeded.
Compiler: /cvmfs/larsoft.opensciencegrid.org/products/gcc/v7_3_0/Linux64bit+3.10-2.17/bin/c++ 
Build flags: -std=c++17
Id flags: 

The output was:
0


Compilation of the CXX compiler identification source "CMakeCXXCompilerId.cpp" produced "a.out"

The CXX compiler identification is GNU, found in "/home/epp/phuznm/Documents/Pandora/LArReco/build/CMakeFiles/2.8.12.2/CompilerIdCXX/a.out"

Determining if the C compiler works passed with the following output:
Change Dir: /home/epp/phuznm/Documents/Pandora/LArReco/build/CMakeFiles/CMakeTmp

Run Build Command:/usr/bin/gmake "cmTryCompileExec2200174412/fast"
/usr/bin/gmake -f CMakeFiles/cmTryCompileExec2200174412.dir/build.make CMakeFiles/cmTryCompileExec2200174412.dir/build
gmake[1]: Entering directory `/home/epp/phuznm/Documents/Pandora/LArReco/build/CMakeFiles/CMakeTmp'
/usr/bin/cmake -E cmake_progress_report /home/epp/phuznm/Documents/Pandora/LArReco/build/CMakeFiles/CMakeTmp/CMakeFiles 1
Building C object CMakeFiles/cmTryCompileExec2200174412.dir/testCCompiler.c.o
/cvmfs/larsoft.opensciencegrid.org/products/gcc/v7_3_0/Linux64bit+3.10-2.17/bin/cc    -o CMakeFiles/cmTryCompileExec2200174412.dir/testCCompiler.c.o   -c /home/epp/phuznm/Documents/Pandora/LArReco/build/CMakeFiles/CMakeTmp/testCCompiler.c
Linking C executable cmTryCompileExec2200174412
/usr/bin/cmake -E cmake_link_script CMakeFiles/cmTryCompileExec2200174412.dir/link.txt --verbose=1
/cvmfs/larsoft.opensciencegrid.org/products/gcc/v7_3_0/Linux64bit+3.10-2.17/bin/cc       CMakeFiles/cmTryCompileExec2200174412.dir/testCCompiler.c.o  -o cmTryCompileExec2200174412 -rdynamic 
gmake[1]: Leaving directory `/home/epp/phuznm/Documents/Pandora/LArReco/build/CMakeFiles/CMakeTmp'


Detecting C compiler ABI info compiled with the following output:
Change Dir: /home/epp/phuznm/Documents/Pandora/LArReco/build/CMakeFiles/CMakeTmp

Run Build Command:/usr/bin/gmake "cmTryCompileExec1675323199/fast"
/usr/bin/gmake -f CMakeFiles/cmTryCompileExec1675323199.dir/build.make CMakeFiles/cmTryCompileExec1675323199.dir/build
gmake[1]: Entering directory `/home/epp/phuznm/Documents/Pandora/LArReco/build/CMakeFiles/CMakeTmp'
/usr/bin/cmake -E cmake_progress_report /home/epp/phuznm/Documents/Pandora/LArReco/build/CMakeFiles/CMakeTmp/CMakeFiles 1
Building C object CMakeFiles/cmTryCompileExec1675323199.dir/CMakeCCompilerABI.c.o
/cvmfs/larsoft.opensciencegrid.org/products/gcc/v7_3_0/Linux64bit+3.10-2.17/bin/cc    -o CMakeFiles/cmTryCompileExec1675323199.dir/CMakeCCompilerABI.c.o   -c /usr/share/cmake/Modules/CMakeCCompilerABI.c
Linking C executable cmTryCompileExec1675323199
/usr/bin/cmake -E cmake_link_script CMakeFiles/cmTryCompileExec1675323199.dir/link.txt --verbose=1
/cvmfs/larsoft.opensciencegrid.org/products/gcc/v7_3_0/Linux64bit+3.10-2.17/bin/cc     -v CMakeFiles/cmTryCompileExec1675323199.dir/CMakeCCompilerABI.c.o  -o cmTryCompileExec1675323199 -rdynamic  
Using built-in specs.
COLLECT_GCC=/cvmfs/larsoft.opensciencegrid.org/products/gcc/v7_3_0/Linux64bit+3.10-2.17/bin/cc
COLLECT_LTO_WRAPPER=/cvmfs/larsoft.opensciencegrid.org/products/gcc/v7_3_0/Linux64bit+3.10-2.17/bin/../libexec/gcc/x86_64-pc-linux-gnu/7.3.0/lto-wrapper
Target: x86_64-pc-linux-gnu
Configured with: ./configure --prefix=/scratch/workspace/art-build-base/v10_00_02/SLF7/build/gcc/v7_3_0/Linux64bit+3.10-2.17 --disable-libgcj --enable-threads=posix --enable-__cxa_atexit --enable-languages=c,c++,fortran,lto --with-system-zlib --enable-libstdcxx-time=rt --enable-stage1-checking=yes --enable-checking=release --enable-lto --enable-plugin
Thread model: posix
gcc version 7.3.0 (GCC) 
COMPILER_PATH=/cvmfs/larsoft.opensciencegrid.org/products/gcc/v7_3_0/Linux64bit+3.10-2.17/bin/../libexec/gcc/x86_64-pc-linux-gnu/7.3.0/:/cvmfs/larsoft.opensciencegrid.org/products/gcc/v7_3_0/Linux64bit+3.10-2.17/bin/../libexec/gcc/:/cvmfs/larsoft.opensciencegrid.org/products/gcc/v7_3_0/Linux64bit+3.10-2.17/bin/
LIBRARY_PATH=/cvmfs/larsoft.opensciencegrid.org/products/gcc/v7_3_0/Linux64bit+3.10-2.17/bin/../lib/gcc/x86_64-pc-linux-gnu/7.3.0/:/cvmfs/larsoft.opensciencegrid.org/products/gcc/v7_3_0/Linux64bit+3.10-2.17/bin/../lib/gcc/:/cvmfs/larsoft.opensciencegrid.org/products/gcc/v7_3_0/Linux64bit+3.10-2.17/bin/../lib/gcc/x86_64-pc-linux-gnu/7.3.0/../../../../lib64/:/lib/../lib64/:/usr/lib/../lib64/:/cvmfs/larsoft.opensciencegrid.org/products/gcc/v7_3_0/Linux64bit+3.10-2.17/bin/../lib/gcc/x86_64-pc-linux-gnu/7.3.0/../../../:/lib/:/usr/lib/
COLLECT_GCC_OPTIONS='-v' '-o' 'cmTryCompileExec1675323199' '-rdynamic' '-mtune=generic' '-march=x86-64'
 /cvmfs/larsoft.opensciencegrid.org/products/gcc/v7_3_0/Linux64bit+3.10-2.17/bin/../libexec/gcc/x86_64-pc-linux-gnu/7.3.0/collect2 -plugin /cvmfs/larsoft.opensciencegrid.org/products/gcc/v7_3_0/Linux64bit+3.10-2.17/bin/../libexec/gcc/x86_64-pc-linux-gnu/7.3.0/liblto_plugin.so -plugin-opt=/cvmfs/larsoft.opensciencegrid.org/products/gcc/v7_3_0/Linux64bit+3.10-2.17/bin/../libexec/gcc/x86_64-pc-linux-gnu/7.3.0/lto-wrapper -plugin-opt=-fresolution=/tmp/cc43gwv0.res -plugin-opt=-pass-through=-lgcc -plugin-opt=-pass-through=-lgcc_s -plugin-opt=-pass-through=-lc -plugin-opt=-pass-through=-lgcc -plugin-opt=-pass-through=-lgcc_s --eh-frame-hdr -m elf_x86_64 -export-dynamic -dynamic-linker /lib64/ld-linux-x86-64.so.2 -o cmTryCompileExec1675323199 /lib/../lib64/crt1.o /lib/../lib64/crti.o /cvmfs/larsoft.opensciencegrid.org/products/gcc/v7_3_0/Linux64bit+3.10-2.17/bin/../lib/gcc/x86_64-pc-linux-gnu/7.3.0/crtbegin.o -L/cvmfs/larsoft.opensciencegrid.org/products/gcc/v7_3_0/Linux64bit+3.10-2.17/bin/../lib/gcc/x86_64-pc-linux-gnu/7.3.0 -L/cvmfs/larsoft.opensciencegrid.org/products/gcc/v7_3_0/Linux64bit+3.10-2.17/bin/../lib/gcc -L/cvmfs/larsoft.opensciencegrid.org/products/gcc/v7_3_0/Linux64bit+3.10-2.17/bin/../lib/gcc/x86_64-pc-linux-gnu/7.3.0/../../../../lib64 -L/lib/../lib64 -L/usr/lib/../lib64 -L/cvmfs/larsoft.opensciencegrid.org/products/gcc/v7_3_0/Linux64bit+3.10-2.17/bin/../lib/gcc/x86_64-pc-linux-gnu/7.3.0/../../.. CMakeFiles/cmTryCompileExec1675323199.dir/CMakeCCompilerABI.c.o -lgcc --as-needed -lgcc_s --no-as-needed -lc -lgcc --as-needed -lgcc_s --no-as-needed /cvmfs/larsoft.opensciencegrid.org/products/gcc/v7_3_0/Linux64bit+3.10-2.17/bin/../lib/gcc/x86_64-pc-linux-gnu/7.3.0/crtend.o /lib/../lib64/crtn.o
COLLECT_GCC_OPTIONS='-v' '-o' 'cmTryCompileExec1675323199' '-rdynamic' '-mtune=generic' '-march=x86-64'
gmake[1]: Leaving directory `/home/epp/phuznm/Documents/Pandora/LArReco/build/CMakeFiles/CMakeTmp'


Parsed C implicit link information from above output:
  link line regex: [^( *|.*[/\])(ld|([^/\]+-)?ld|collect2)[^/\]*( |$)]
  ignore line: [Change Dir: /home/epp/phuznm/Documents/Pandora/LArReco/build/CMakeFiles/CMakeTmp]
  ignore line: []
  ignore line: [Run Build Command:/usr/bin/gmake "cmTryCompileExec1675323199/fast"]
  ignore line: [/usr/bin/gmake -f CMakeFiles/cmTryCompileExec1675323199.dir/build.make CMakeFiles/cmTryCompileExec1675323199.dir/build]
  ignore line: [gmake[1]: Entering directory `/home/epp/phuznm/Documents/Pandora/LArReco/build/CMakeFiles/CMakeTmp']
  ignore line: [/usr/bin/cmake -E cmake_progress_report /home/epp/phuznm/Documents/Pandora/LArReco/build/CMakeFiles/CMakeTmp/CMakeFiles 1]
  ignore line: [Building C object CMakeFiles/cmTryCompileExec1675323199.dir/CMakeCCompilerABI.c.o]
  ignore line: [/cvmfs/larsoft.opensciencegrid.org/products/gcc/v7_3_0/Linux64bit+3.10-2.17/bin/cc    -o CMakeFiles/cmTryCompileExec1675323199.dir/CMakeCCompilerABI.c.o   -c /usr/share/cmake/Modules/CMakeCCompilerABI.c]
  ignore line: [Linking C executable cmTryCompileExec1675323199]
  ignore line: [/usr/bin/cmake -E cmake_link_script CMakeFiles/cmTryCompileExec1675323199.dir/link.txt --verbose=1]
  ignore line: [/cvmfs/larsoft.opensciencegrid.org/products/gcc/v7_3_0/Linux64bit+3.10-2.17/bin/cc     -v CMakeFiles/cmTryCompileExec1675323199.dir/CMakeCCompilerABI.c.o  -o cmTryCompileExec1675323199 -rdynamic  ]
  ignore line: [Using built-in specs.]
  ignore line: [COLLECT_GCC=/cvmfs/larsoft.opensciencegrid.org/products/gcc/v7_3_0/Linux64bit+3.10-2.17/bin/cc]
  ignore line: [COLLECT_LTO_WRAPPER=/cvmfs/larsoft.opensciencegrid.org/products/gcc/v7_3_0/Linux64bit+3.10-2.17/bin/../libexec/gcc/x86_64-pc-linux-gnu/7.3.0/lto-wrapper]
  ignore line: [Target: x86_64-pc-linux-gnu]
  ignore line: [Configured with: ./configure --prefix=/scratch/workspace/art-build-base/v10_00_02/SLF7/build/gcc/v7_3_0/Linux64bit+3.10-2.17 --disable-libgcj --enable-threads=posix --enable-__cxa_atexit --enable-languages=c,c++,fortran,lto --with-system-zlib --enable-libstdcxx-time=rt --enable-stage1-checking=yes --enable-checking=release --enable-lto --enable-plugin]
  ignore line: [Thread model: posix]
  ignore line: [gcc version 7.3.0 (GCC) ]
  ignore line: [COMPILER_PATH=/cvmfs/larsoft.opensciencegrid.org/products/gcc/v7_3_0/Linux64bit+3.10-2.17/bin/../libexec/gcc/x86_64-pc-linux-gnu/7.3.0/:/cvmfs/larsoft.opensciencegrid.org/products/gcc/v7_3_0/Linux64bit+3.10-2.17/bin/../libexec/gcc/:/cvmfs/larsoft.opensciencegrid.org/products/gcc/v7_3_0/Linux64bit+3.10-2.17/bin/]
  ignore line: [LIBRARY_PATH=/cvmfs/larsoft.opensciencegrid.org/products/gcc/v7_3_0/Linux64bit+3.10-2.17/bin/../lib/gcc/x86_64-pc-linux-gnu/7.3.0/:/cvmfs/larsoft.opensciencegrid.org/products/gcc/v7_3_0/Linux64bit+3.10-2.17/bin/../lib/gcc/:/cvmfs/larsoft.opensciencegrid.org/products/gcc/v7_3_0/Linux64bit+3.10-2.17/bin/../lib/gcc/x86_64-pc-linux-gnu/7.3.0/../../../../lib64/:/lib/../lib64/:/usr/lib/../lib64/:/cvmfs/larsoft.opensciencegrid.org/products/gcc/v7_3_0/Linux64bit+3.10-2.17/bin/../lib/gcc/x86_64-pc-linux-gnu/7.3.0/../../../:/lib/:/usr/lib/]
  ignore line: [COLLECT_GCC_OPTIONS='-v' '-o' 'cmTryCompileExec1675323199' '-rdynamic' '-mtune=generic' '-march=x86-64']
  link line: [ /cvmfs/larsoft.opensciencegrid.org/products/gcc/v7_3_0/Linux64bit+3.10-2.17/bin/../libexec/gcc/x86_64-pc-linux-gnu/7.3.0/collect2 -plugin /cvmfs/larsoft.opensciencegrid.org/products/gcc/v7_3_0/Linux64bit+3.10-2.17/bin/../libexec/gcc/x86_64-pc-linux-gnu/7.3.0/liblto_plugin.so -plugin-opt=/cvmfs/larsoft.opensciencegrid.org/products/gcc/v7_3_0/Linux64bit+3.10-2.17/bin/../libexec/gcc/x86_64-pc-linux-gnu/7.3.0/lto-wrapper -plugin-opt=-fresolution=/tmp/cc43gwv0.res -plugin-opt=-pass-through=-lgcc -plugin-opt=-pass-through=-lgcc_s -plugin-opt=-pass-through=-lc -plugin-opt=-pass-through=-lgcc -plugin-opt=-pass-through=-lgcc_s --eh-frame-hdr -m elf_x86_64 -export-dynamic -dynamic-linker /lib64/ld-linux-x86-64.so.2 -o cmTryCompileExec1675323199 /lib/../lib64/crt1.o /lib/../lib64/crti.o /cvmfs/larsoft.opensciencegrid.org/products/gcc/v7_3_0/Linux64bit+3.10-2.17/bin/../lib/gcc/x86_64-pc-linux-gnu/7.3.0/crtbegin.o -L/cvmfs/larsoft.opensciencegrid.org/products/gcc/v7_3_0/Linux64bit+3.10-2.17/bin/../lib/gcc/x86_64-pc-linux-gnu/7.3.0 -L/cvmfs/larsoft.opensciencegrid.org/products/gcc/v7_3_0/Linux64bit+3.10-2.17/bin/../lib/gcc -L/cvmfs/larsoft.opensciencegrid.org/products/gcc/v7_3_0/Linux64bit+3.10-2.17/bin/../lib/gcc/x86_64-pc-linux-gnu/7.3.0/../../../../lib64 -L/lib/../lib64 -L/usr/lib/../lib64 -L/cvmfs/larsoft.opensciencegrid.org/products/gcc/v7_3_0/Linux64bit+3.10-2.17/bin/../lib/gcc/x86_64-pc-linux-gnu/7.3.0/../../.. CMakeFiles/cmTryCompileExec1675323199.dir/CMakeCCompilerABI.c.o -lgcc --as-needed -lgcc_s --no-as-needed -lc -lgcc --as-needed -lgcc_s --no-as-needed /cvmfs/larsoft.opensciencegrid.org/products/gcc/v7_3_0/Linux64bit+3.10-2.17/bin/../lib/gcc/x86_64-pc-linux-gnu/7.3.0/crtend.o /lib/../lib64/crtn.o]
    arg [/cvmfs/larsoft.opensciencegrid.org/products/gcc/v7_3_0/Linux64bit+3.10-2.17/bin/../libexec/gcc/x86_64-pc-linux-gnu/7.3.0/collect2] ==> ignore
    arg [-plugin] ==> ignore
    arg [/cvmfs/larsoft.opensciencegrid.org/products/gcc/v7_3_0/Linux64bit+3.10-2.17/bin/../libexec/gcc/x86_64-pc-linux-gnu/7.3.0/liblto_plugin.so] ==> ignore
    arg [-plugin-opt=/cvmfs/larsoft.opensciencegrid.org/products/gcc/v7_3_0/Linux64bit+3.10-2.17/bin/../libexec/gcc/x86_64-pc-linux-gnu/7.3.0/lto-wrapper] ==> ignore
    arg [-plugin-opt=-fresolution=/tmp/cc43gwv0.res] ==> ignore
    arg [-plugin-opt=-pass-through=-lgcc] ==> ignore
    arg [-plugin-opt=-pass-through=-lgcc_s] ==> ignore
    arg [-plugin-opt=-pass-through=-lc] ==> ignore
    arg [-plugin-opt=-pass-through=-lgcc] ==> ignore
    arg [-plugin-opt=-pass-through=-lgcc_s] ==> ignore
    arg [--eh-frame-hdr] ==> ignore
    arg [-m] ==> ignore
    arg [elf_x86_64] ==> ignore
    arg [-export-dynamic] ==> ignore
    arg [-dynamic-linker] ==> ignore
    arg [/lib64/ld-linux-x86-64.so.2] ==> ignore
    arg [-o] ==> ignore
    arg [cmTryCompileExec1675323199] ==> ignore
    arg [/lib/../lib64/crt1.o] ==> ignore
    arg [/lib/../lib64/crti.o] ==> ignore
    arg [/cvmfs/larsoft.opensciencegrid.org/products/gcc/v7_3_0/Linux64bit+3.10-2.17/bin/../lib/gcc/x86_64-pc-linux-gnu/7.3.0/crtbegin.o] ==> ignore
    arg [-L/cvmfs/larsoft.opensciencegrid.org/products/gcc/v7_3_0/Linux64bit+3.10-2.17/bin/../lib/gcc/x86_64-pc-linux-gnu/7.3.0] ==> dir [/cvmfs/larsoft.opensciencegrid.org/products/gcc/v7_3_0/Linux64bit+3.10-2.17/bin/../lib/gcc/x86_64-pc-linux-gnu/7.3.0]
    arg [-L/cvmfs/larsoft.opensciencegrid.org/products/gcc/v7_3_0/Linux64bit+3.10-2.17/bin/../lib/gcc] ==> dir [/cvmfs/larsoft.opensciencegrid.org/products/gcc/v7_3_0/Linux64bit+3.10-2.17/bin/../lib/gcc]
    arg [-L/cvmfs/larsoft.opensciencegrid.org/products/gcc/v7_3_0/Linux64bit+3.10-2.17/bin/../lib/gcc/x86_64-pc-linux-gnu/7.3.0/../../../../lib64] ==> dir [/cvmfs/larsoft.opensciencegrid.org/products/gcc/v7_3_0/Linux64bit+3.10-2.17/bin/../lib/gcc/x86_64-pc-linux-gnu/7.3.0/../../../../lib64]
    arg [-L/lib/../lib64] ==> dir [/lib/../lib64]
    arg [-L/usr/lib/../lib64] ==> dir [/usr/lib/../lib64]
    arg [-L/cvmfs/larsoft.opensciencegrid.org/products/gcc/v7_3_0/Linux64bit+3.10-2.17/bin/../lib/gcc/x86_64-pc-linux-gnu/7.3.0/../../..] ==> dir [/cvmfs/larsoft.opensciencegrid.org/products/gcc/v7_3_0/Linux64bit+3.10-2.17/bin/../lib/gcc/x86_64-pc-linux-gnu/7.3.0/../../..]
    arg [CMakeFiles/cmTryCompileExec1675323199.dir/CMakeCCompilerABI.c.o] ==> ignore
    arg [-lgcc] ==> lib [gcc]
    arg [--as-needed] ==> ignore
    arg [-lgcc_s] ==> lib [gcc_s]
    arg [--no-as-needed] ==> ignore
    arg [-lc] ==> lib [c]
    arg [-lgcc] ==> lib [gcc]
    arg [--as-needed] ==> ignore
    arg [-lgcc_s] ==> lib [gcc_s]
    arg [--no-as-needed] ==> ignore
    arg [/cvmfs/larsoft.opensciencegrid.org/products/gcc/v7_3_0/Linux64bit+3.10-2.17/bin/../lib/gcc/x86_64-pc-linux-gnu/7.3.0/crtend.o] ==> ignore
    arg [/lib/../lib64/crtn.o] ==> ignore
  remove lib [gcc]
  remove lib [gcc_s]
  remove lib [gcc]
  remove lib [gcc_s]
  collapse library dir [/cvmfs/larsoft.opensciencegrid.org/products/gcc/v7_3_0/Linux64bit+3.10-2.17/bin/../lib/gcc/x86_64-pc-linux-gnu/7.3.0] ==> [/cvmfs/larsoft.opensciencegrid.org/products/gcc/v7_3_0/Linux64bit+3.10-2.17/lib/gcc/x86_64-pc-linux-gnu/7.3.0]
  collapse library dir [/cvmfs/larsoft.opensciencegrid.org/products/gcc/v7_3_0/Linux64bit+3.10-2.17/bin/../lib/gcc] ==> [/cvmfs/larsoft.opensciencegrid.org/products/gcc/v7_3_0/Linux64bit+3.10-2.17/lib/gcc]
  collapse library dir [/cvmfs/larsoft.opensciencegrid.org/products/gcc/v7_3_0/Linux64bit+3.10-2.17/bin/../lib/gcc/x86_64-pc-linux-gnu/7.3.0/../../../../lib64] ==> [/cvmfs/larsoft.opensciencegrid.org/products/gcc/v7_3_0/Linux64bit+3.10-2.17/lib64]
  collapse library dir [/lib/../lib64] ==> [/lib64]
  collapse library dir [/usr/lib/../lib64] ==> [/usr/lib64]
  collapse library dir [/cvmfs/larsoft.opensciencegrid.org/products/gcc/v7_3_0/Linux64bit+3.10-2.17/bin/../lib/gcc/x86_64-pc-linux-gnu/7.3.0/../../..] ==> [/cvmfs/larsoft.opensciencegrid.org/products/gcc/v7_3_0/Linux64bit+3.10-2.17/lib]
  implicit libs: [c]
  implicit dirs: [/cvmfs/larsoft.opensciencegrid.org/products/gcc/v7_3_0/Linux64bit+3.10-2.17/lib/gcc/x86_64-pc-linux-gnu/7.3.0;/cvmfs/larsoft.opensciencegrid.org/products/gcc/v7_3_0/Linux64bit+3.10-2.17/lib/gcc;/cvmfs/larsoft.opensciencegrid.org/products/gcc/v7_3_0/Linux64bit+3.10-2.17/lib64;/lib64;/usr/lib64;/cvmfs/larsoft.opensciencegrid.org/products/gcc/v7_3_0/Linux64bit+3.10-2.17/lib]
  implicit fwks: []


Determining if the CXX compiler works passed with the following output:
Change Dir: /home/epp/phuznm/Documents/Pandora/LArReco/build/CMakeFiles/CMakeTmp

Run Build Command:/usr/bin/gmake "cmTryCompileExec178128014/fast"
/usr/bin/gmake -f CMakeFiles/cmTryCompileExec178128014.dir/build.make CMakeFiles/cmTryCompileExec178128014.dir/build
gmake[1]: Entering directory `/home/epp/phuznm/Documents/Pandora/LArReco/build/CMakeFiles/CMakeTmp'
/usr/bin/cmake -E cmake_progress_report /home/epp/phuznm/Documents/Pandora/LArReco/build/CMakeFiles/CMakeTmp/CMakeFiles 1
Building CXX object CMakeFiles/cmTryCompileExec178128014.dir/testCXXCompiler.cxx.o
/cvmfs/larsoft.opensciencegrid.org/products/gcc/v7_3_0/Linux64bit+3.10-2.17/bin/c++    -std=c++17    -o CMakeFiles/cmTryCompileExec178128014.dir/testCXXCompiler.cxx.o -c /home/epp/phuznm/Documents/Pandora/LArReco/build/CMakeFiles/CMakeTmp/testCXXCompiler.cxx
Linking CXX executable cmTryCompileExec178128014
/usr/bin/cmake -E cmake_link_script CMakeFiles/cmTryCompileExec178128014.dir/link.txt --verbose=1
/cvmfs/larsoft.opensciencegrid.org/products/gcc/v7_3_0/Linux64bit+3.10-2.17/bin/c++   -std=c++17     CMakeFiles/cmTryCompileExec178128014.dir/testCXXCompiler.cxx.o  -o cmTryCompileExec178128014 -rdynamic 
gmake[1]: Leaving directory `/home/epp/phuznm/Documents/Pandora/LArReco/build/CMakeFiles/CMakeTmp'


Detecting CXX compiler ABI info compiled with the following output:
Change Dir: /home/epp/phuznm/Documents/Pandora/LArReco/build/CMakeFiles/CMakeTmp

Run Build Command:/usr/bin/gmake "cmTryCompileExec691543757/fast"
/usr/bin/gmake -f CMakeFiles/cmTryCompileExec691543757.dir/build.make CMakeFiles/cmTryCompileExec691543757.dir/build
gmake[1]: Entering directory `/home/epp/phuznm/Documents/Pandora/LArReco/build/CMakeFiles/CMakeTmp'
/usr/bin/cmake -E cmake_progress_report /home/epp/phuznm/Documents/Pandora/LArReco/build/CMakeFiles/CMakeTmp/CMakeFiles 1
Building CXX object CMakeFiles/cmTryCompileExec691543757.dir/CMakeCXXCompilerABI.cpp.o
/cvmfs/larsoft.opensciencegrid.org/products/gcc/v7_3_0/Linux64bit+3.10-2.17/bin/c++    -std=c++17    -o CMakeFiles/cmTryCompileExec691543757.dir/CMakeCXXCompilerABI.cpp.o -c /usr/share/cmake/Modules/CMakeCXXCompilerABI.cpp
Linking CXX executable cmTryCompileExec691543757
/usr/bin/cmake -E cmake_link_script CMakeFiles/cmTryCompileExec691543757.dir/link.txt --verbose=1
/cvmfs/larsoft.opensciencegrid.org/products/gcc/v7_3_0/Linux64bit+3.10-2.17/bin/c++   -std=c++17   -v CMakeFiles/cmTryCompileExec691543757.dir/CMakeCXXCompilerABI.cpp.o  -o cmTryCompileExec691543757 -rdynamic  
Using built-in specs.
COLLECT_GCC=/cvmfs/larsoft.opensciencegrid.org/products/gcc/v7_3_0/Linux64bit+3.10-2.17/bin/c++
COLLECT_LTO_WRAPPER=/cvmfs/larsoft.opensciencegrid.org/products/gcc/v7_3_0/Linux64bit+3.10-2.17/bin/../libexec/gcc/x86_64-pc-linux-gnu/7.3.0/lto-wrapper
Target: x86_64-pc-linux-gnu
Configured with: ./configure --prefix=/scratch/workspace/art-build-base/v10_00_02/SLF7/build/gcc/v7_3_0/Linux64bit+3.10-2.17 --disable-libgcj --enable-threads=posix --enable-__cxa_atexit --enable-languages=c,c++,fortran,lto --with-system-zlib --enable-libstdcxx-time=rt --enable-stage1-checking=yes --enable-checking=release --enable-lto --enable-plugin
Thread model: posix
gcc version 7.3.0 (GCC) 
COMPILER_PATH=/cvmfs/larsoft.opensciencegrid.org/products/gcc/v7_3_0/Linux64bit+3.10-2.17/bin/../libexec/gcc/x86_64-pc-linux-gnu/7.3.0/:/cvmfs/larsoft.opensciencegrid.org/products/gcc/v7_3_0/Linux64bit+3.10-2.17/bin/../libexec/gcc/:/cvmfs/larsoft.opensciencegrid.org/products/gcc/v7_3_0/Linux64bit+3.10-2.17/bin/
LIBRARY_PATH=/cvmfs/larsoft.opensciencegrid.org/products/gcc/v7_3_0/Linux64bit+3.10-2.17/bin/../lib/gcc/x86_64-pc-linux-gnu/7.3.0/:/cvmfs/larsoft.opensciencegrid.org/products/gcc/v7_3_0/Linux64bit+3.10-2.17/bin/../lib/gcc/:/cvmfs/larsoft.opensciencegrid.org/products/gcc/v7_3_0/Linux64bit+3.10-2.17/bin/../lib/gcc/x86_64-pc-linux-gnu/7.3.0/../../../../lib64/:/lib/../lib64/:/usr/lib/../lib64/:/cvmfs/larsoft.opensciencegrid.org/products/gcc/v7_3_0/Linux64bit+3.10-2.17/bin/../lib/gcc/x86_64-pc-linux-gnu/7.3.0/../../../:/lib/:/usr/lib/
COLLECT_GCC_OPTIONS='-std=c++1z' '-v' '-o' 'cmTryCompileExec691543757' '-rdynamic' '-shared-libgcc' '-mtune=generic' '-march=x86-64'
 /cvmfs/larsoft.opensciencegrid.org/products/gcc/v7_3_0/Linux64bit+3.10-2.17/bin/../libexec/gcc/x86_64-pc-linux-gnu/7.3.0/collect2 -plugin /cvmfs/larsoft.opensciencegrid.org/products/gcc/v7_3_0/Linux64bit+3.10-2.17/bin/../libexec/gcc/x86_64-pc-linux-gnu/7.3.0/liblto_plugin.so -plugin-opt=/cvmfs/larsoft.opensciencegrid.org/products/gcc/v7_3_0/Linux64bit+3.10-2.17/bin/../libexec/gcc/x86_64-pc-linux-gnu/7.3.0/lto-wrapper -plugin-opt=-fresolution=/tmp/ccCAE1zJ.res -plugin-opt=-pass-through=-lgcc_s -plugin-opt=-pass-through=-lgcc -plugin-opt=-pass-through=-lc -plugin-opt=-pass-through=-lgcc_s -plugin-opt=-pass-through=-lgcc --eh-frame-hdr -m elf_x86_64 -export-dynamic -dynamic-linker /lib64/ld-linux-x86-64.so.2 -o cmTryCompileExec691543757 /lib/../lib64/crt1.o /lib/../lib64/crti.o /cvmfs/larsoft.opensciencegrid.org/products/gcc/v7_3_0/Linux64bit+3.10-2.17/bin/../lib/gcc/x86_64-pc-linux-gnu/7.3.0/crtbegin.o -L/cvmfs/larsoft.opensciencegrid.org/products/gcc/v7_3_0/Linux64bit+3.10-2.17/bin/../lib/gcc/x86_64-pc-linux-gnu/7.3.0 -L/cvmfs/larsoft.opensciencegrid.org/products/gcc/v7_3_0/Linux64bit+3.10-2.17/bin/../lib/gcc -L/cvmfs/larsoft.opensciencegrid.org/products/gcc/v7_3_0/Linux64bit+3.10-2.17/bin/../lib/gcc/x86_64-pc-linux-gnu/7.3.0/../../../../lib64 -L/lib/../lib64 -L/usr/lib/../lib64 -L/cvmfs/larsoft.opensciencegrid.org/products/gcc/v7_3_0/Linux64bit+3.10-2.17/bin/../lib/gcc/x86_64-pc-linux-gnu/7.3.0/../../.. CMakeFiles/cmTryCompileExec691543757.dir/CMakeCXXCompilerABI.cpp.o -lstdc++ -lm -lgcc_s -lgcc -lc -lgcc_s -lgcc /cvmfs/larsoft.opensciencegrid.org/products/gcc/v7_3_0/Linux64bit+3.10-2.17/bin/../lib/gcc/x86_64-pc-linux-gnu/7.3.0/crtend.o /lib/../lib64/crtn.o
COLLECT_GCC_OPTIONS='-std=c++1z' '-v' '-o' 'cmTryCompileExec691543757' '-rdynamic' '-shared-libgcc' '-mtune=generic' '-march=x86-64'
gmake[1]: Leaving directory `/home/epp/phuznm/Documents/Pandora/LArReco/build/CMakeFiles/CMakeTmp'


Parsed CXX implicit link information from above output:
  link line regex: [^( *|.*[/\])(ld|([^/\]+-)?ld|collect2)[^/\]*( |$)]
  ignore line: [Change Dir: /home/epp/phuznm/Documents/Pandora/LArReco/build/CMakeFiles/CMakeTmp]
  ignore line: []
  ignore line: [Run Build Command:/usr/bin/gmake "cmTryCompileExec691543757/fast"]
  ignore line: [/usr/bin/gmake -f CMakeFiles/cmTryCompileExec691543757.dir/build.make CMakeFiles/cmTryCompileExec691543757.dir/build]
  ignore line: [gmake[1]: Entering directory `/home/epp/phuznm/Documents/Pandora/LArReco/build/CMakeFiles/CMakeTmp']
  ignore line: [/usr/bin/cmake -E cmake_progress_report /home/epp/phuznm/Documents/Pandora/LArReco/build/CMakeFiles/CMakeTmp/CMakeFiles 1]
  ignore line: [Building CXX object CMakeFiles/cmTryCompileExec691543757.dir/CMakeCXXCompilerABI.cpp.o]
  ignore line: [/cvmfs/larsoft.opensciencegrid.org/products/gcc/v7_3_0/Linux64bit+3.10-2.17/bin/c++    -std=c++17    -o CMakeFiles/cmTryCompileExec691543757.dir/CMakeCXXCompilerABI.cpp.o -c /usr/share/cmake/Modules/CMakeCXXCompilerABI.cpp]
  ignore line: [Linking CXX executable cmTryCompileExec691543757]
  ignore line: [/usr/bin/cmake -E cmake_link_script CMakeFiles/cmTryCompileExec691543757.dir/link.txt --verbose=1]
  ignore line: [/cvmfs/larsoft.opensciencegrid.org/products/gcc/v7_3_0/Linux64bit+3.10-2.17/bin/c++   -std=c++17   -v CMakeFiles/cmTryCompileExec691543757.dir/CMakeCXXCompilerABI.cpp.o  -o cmTryCompileExec691543757 -rdynamic  ]
  ignore line: [Using built-in specs.]
  ignore line: [COLLECT_GCC=/cvmfs/larsoft.opensciencegrid.org/products/gcc/v7_3_0/Linux64bit+3.10-2.17/bin/c++]
  ignore line: [COLLECT_LTO_WRAPPER=/cvmfs/larsoft.opensciencegrid.org/products/gcc/v7_3_0/Linux64bit+3.10-2.17/bin/../libexec/gcc/x86_64-pc-linux-gnu/7.3.0/lto-wrapper]
  ignore line: [Target: x86_64-pc-linux-gnu]
  ignore line: [Configured with: ./configure --prefix=/scratch/workspace/art-build-base/v10_00_02/SLF7/build/gcc/v7_3_0/Linux64bit+3.10-2.17 --disable-libgcj --enable-threads=posix --enable-__cxa_atexit --enable-languages=c,c++,fortran,lto --with-system-zlib --enable-libstdcxx-time=rt --enable-stage1-checking=yes --enable-checking=release --enable-lto --enable-plugin]
  ignore line: [Thread model: posix]
  ignore line: [gcc version 7.3.0 (GCC) ]
  ignore line: [COMPILER_PATH=/cvmfs/larsoft.opensciencegrid.org/products/gcc/v7_3_0/Linux64bit+3.10-2.17/bin/../libexec/gcc/x86_64-pc-linux-gnu/7.3.0/:/cvmfs/larsoft.opensciencegrid.org/products/gcc/v7_3_0/Linux64bit+3.10-2.17/bin/../libexec/gcc/:/cvmfs/larsoft.opensciencegrid.org/products/gcc/v7_3_0/Linux64bit+3.10-2.17/bin/]
  ignore line: [LIBRARY_PATH=/cvmfs/larsoft.opensciencegrid.org/products/gcc/v7_3_0/Linux64bit+3.10-2.17/bin/../lib/gcc/x86_64-pc-linux-gnu/7.3.0/:/cvmfs/larsoft.opensciencegrid.org/products/gcc/v7_3_0/Linux64bit+3.10-2.17/bin/../lib/gcc/:/cvmfs/larsoft.opensciencegrid.org/products/gcc/v7_3_0/Linux64bit+3.10-2.17/bin/../lib/gcc/x86_64-pc-linux-gnu/7.3.0/../../../../lib64/:/lib/../lib64/:/usr/lib/../lib64/:/cvmfs/larsoft.opensciencegrid.org/products/gcc/v7_3_0/Linux64bit+3.10-2.17/bin/../lib/gcc/x86_64-pc-linux-gnu/7.3.0/../../../:/lib/:/usr/lib/]
  ignore line: [COLLECT_GCC_OPTIONS='-std=c++1z' '-v' '-o' 'cmTryCompileExec691543757' '-rdynamic' '-shared-libgcc' '-mtune=generic' '-march=x86-64']
  link line: [ /cvmfs/larsoft.opensciencegrid.org/products/gcc/v7_3_0/Linux64bit+3.10-2.17/bin/../libexec/gcc/x86_64-pc-linux-gnu/7.3.0/collect2 -plugin /cvmfs/larsoft.opensciencegrid.org/products/gcc/v7_3_0/Linux64bit+3.10-2.17/bin/../libexec/gcc/x86_64-pc-linux-gnu/7.3.0/liblto_plugin.so -plugin-opt=/cvmfs/larsoft.opensciencegrid.org/products/gcc/v7_3_0/Linux64bit+3.10-2.17/bin/../libexec/gcc/x86_64-pc-linux-gnu/7.3.0/lto-wrapper -plugin-opt=-fresolution=/tmp/ccCAE1zJ.res -plugin-opt=-pass-through=-lgcc_s -plugin-opt=-pass-through=-lgcc -plugin-opt=-pass-through=-lc -plugin-opt=-pass-through=-lgcc_s -plugin-opt=-pass-through=-lgcc --eh-frame-hdr -m elf_x86_64 -export-dynamic -dynamic-linker /lib64/ld-linux-x86-64.so.2 -o cmTryCompileExec691543757 /lib/../lib64/crt1.o /lib/../lib64/crti.o /cvmfs/larsoft.opensciencegrid.org/products/gcc/v7_3_0/Linux64bit+3.10-2.17/bin/../lib/gcc/x86_64-pc-linux-gnu/7.3.0/crtbegin.o -L/cvmfs/larsoft.opensciencegrid.org/products/gcc/v7_3_0/Linux64bit+3.10-2.17/bin/../lib/gcc/x86_64-pc-linux-gnu/7.3.0 -L/cvmfs/larsoft.opensciencegrid.org/products/gcc/v7_3_0/Linux64bit+3.10-2.17/bin/../lib/gcc -L/cvmfs/larsoft.opensciencegrid.org/products/gcc/v7_3_0/Linux64bit+3.10-2.17/bin/../lib/gcc/x86_64-pc-linux-gnu/7.3.0/../../../../lib64 -L/lib/../lib64 -L/usr/lib/../lib64 -L/cvmfs/larsoft.opensciencegrid.org/products/gcc/v7_3_0/Linux64bit+3.10-2.17/bin/../lib/gcc/x86_64-pc-linux-gnu/7.3.0/../../.. CMakeFiles/cmTryCompileExec691543757.dir/CMakeCXXCompilerABI.cpp.o -lstdc++ -lm -lgcc_s -lgcc -lc -lgcc_s -lgcc /cvmfs/larsoft.opensciencegrid.org/products/gcc/v7_3_0/Linux64bit+3.10-2.17/bin/../lib/gcc/x86_64-pc-linux-gnu/7.3.0/crtend.o /lib/../lib64/crtn.o]
    arg [/cvmfs/larsoft.opensciencegrid.org/products/gcc/v7_3_0/Linux64bit+3.10-2.17/bin/../libexec/gcc/x86_64-pc-linux-gnu/7.3.0/collect2] ==> ignore
    arg [-plugin] ==> ignore
    arg [/cvmfs/larsoft.opensciencegrid.org/products/gcc/v7_3_0/Linux64bit+3.10-2.17/bin/../libexec/gcc/x86_64-pc-linux-gnu/7.3.0/liblto_plugin.so] ==> ignore
    arg [-plugin-opt=/cvmfs/larsoft.opensciencegrid.org/products/gcc/v7_3_0/Linux64bit+3.10-2.17/bin/../libexec/gcc/x86_64-pc-linux-gnu/7.3.0/lto-wrapper] ==> ignore
    arg [-plugin-opt=-fresolution=/tmp/ccCAE1zJ.res] ==> ignore
    arg [-plugin-opt=-pass-through=-lgcc_s] ==> ignore
    arg [-plugin-opt=-pass-through=-lgcc] ==> ignore
    arg [-plugin-opt=-pass-through=-lc] ==> ignore
    arg [-plugin-opt=-pass-through=-lgcc_s] ==> ignore
    arg [-plugin-opt=-pass-through=-lgcc] ==> ignore
    arg [--eh-frame-hdr] ==> ignore
    arg [-m] ==> ignore
    arg [elf_x86_64] ==> ignore
    arg [-export-dynamic] ==> ignore
    arg [-dynamic-linker] ==> ignore
    arg [/lib64/ld-linux-x86-64.so.2] ==> ignore
    arg [-o] ==> ignore
    arg [cmTryCompileExec691543757] ==> ignore
    arg [/lib/../lib64/crt1.o] ==> ignore
    arg [/lib/../lib64/crti.o] ==> ignore
    arg [/cvmfs/larsoft.opensciencegrid.org/products/gcc/v7_3_0/Linux64bit+3.10-2.17/bin/../lib/gcc/x86_64-pc-linux-gnu/7.3.0/crtbegin.o] ==> ignore
    arg [-L/cvmfs/larsoft.opensciencegrid.org/products/gcc/v7_3_0/Linux64bit+3.10-2.17/bin/../lib/gcc/x86_64-pc-linux-gnu/7.3.0] ==> dir [/cvmfs/larsoft.opensciencegrid.org/products/gcc/v7_3_0/Linux64bit+3.10-2.17/bin/../lib/gcc/x86_64-pc-linux-gnu/7.3.0]
    arg [-L/cvmfs/larsoft.opensciencegrid.org/products/gcc/v7_3_0/Linux64bit+3.10-2.17/bin/../lib/gcc] ==> dir [/cvmfs/larsoft.opensciencegrid.org/products/gcc/v7_3_0/Linux64bit+3.10-2.17/bin/../lib/gcc]
    arg [-L/cvmfs/larsoft.opensciencegrid.org/products/gcc/v7_3_0/Linux64bit+3.10-2.17/bin/../lib/gcc/x86_64-pc-linux-gnu/7.3.0/../../../../lib64] ==> dir [/cvmfs/larsoft.opensciencegrid.org/products/gcc/v7_3_0/Linux64bit+3.10-2.17/bin/../lib/gcc/x86_64-pc-linux-gnu/7.3.0/../../../../lib64]
    arg [-L/lib/../lib64] ==> dir [/lib/../lib64]
    arg [-L/usr/lib/../lib64] ==> dir [/usr/lib/../lib64]
    arg [-L/cvmfs/larsoft.opensciencegrid.org/products/gcc/v7_3_0/Linux64bit+3.10-2.17/bin/../lib/gcc/x86_64-pc-linux-gnu/7.3.0/../../..] ==> dir [/cvmfs/larsoft.opensciencegrid.org/products/gcc/v7_3_0/Linux64bit+3.10-2.17/bin/../lib/gcc/x86_64-pc-linux-gnu/7.3.0/../../..]
    arg [CMakeFiles/cmTryCompileExec691543757.dir/CMakeCXXCompilerABI.cpp.o] ==> ignore
    arg [-lstdc++] ==> lib [stdc++]
    arg [-lm] ==> lib [m]
    arg [-lgcc_s] ==> lib [gcc_s]
    arg [-lgcc] ==> lib [gcc]
    arg [-lc] ==> lib [c]
    arg [-lgcc_s] ==> lib [gcc_s]
    arg [-lgcc] ==> lib [gcc]
    arg [/cvmfs/larsoft.opensciencegrid.org/products/gcc/v7_3_0/Linux64bit+3.10-2.17/bin/../lib/gcc/x86_64-pc-linux-gnu/7.3.0/crtend.o] ==> ignore
    arg [/lib/../lib64/crtn.o] ==> ignore
  remove lib [gcc_s]
  remove lib [gcc]
  remove lib [gcc_s]
  remove lib [gcc]
  collapse library dir [/cvmfs/larsoft.opensciencegrid.org/products/gcc/v7_3_0/Linux64bit+3.10-2.17/bin/../lib/gcc/x86_64-pc-linux-gnu/7.3.0] ==> [/cvmfs/larsoft.opensciencegrid.org/products/gcc/v7_3_0/Linux64bit+3.10-2.17/lib/gcc/x86_64-pc-linux-gnu/7.3.0]
  collapse library dir [/cvmfs/larsoft.opensciencegrid.org/products/gcc/v7_3_0/Linux64bit+3.10-2.17/bin/../lib/gcc] ==> [/cvmfs/larsoft.opensciencegrid.org/products/gcc/v7_3_0/Linux64bit+3.10-2.17/lib/gcc]
  collapse library dir [/cvmfs/larsoft.opensciencegrid.org/products/gcc/v7_3_0/Linux64bit+3.10-2.17/bin/../lib/gcc/x86_64-pc-linux-gnu/7.3.0/../../../../lib64] ==> [/cvmfs/larsoft.opensciencegrid.org/products/gcc/v7_3_0/Linux64bit+3.10-2.17/lib64]
  collapse library dir [/lib/../lib64] ==> [/lib64]
  collapse library dir [/usr/lib/../lib64] ==> [/usr/lib64]
  collapse library dir [/cvmfs/larsoft.opensciencegrid.org/products/gcc/v7_3_0/Linux64bit+3.10-2.17/bin/../lib/gcc/x86_64-pc-linux-gnu/7.3.0/../../..] ==> [/cvmfs/larsoft.opensciencegrid.org/products/gcc/v7_3_0/Linux64bit+3.10-2.17/lib]
  implicit libs: [stdc++;m;c]
  implicit dirs: [/cvmfs/larsoft.opensciencegrid.org/products/gcc/v7_3_0/Linux64bit+3.10-2.17/lib/gcc/x86_64-pc-linux-gnu/7.3.0;/cvmfs/larsoft.opensciencegrid.org/products/gcc/v7_3_0/Linux64bit+3.10-2.17/lib/gcc;/cvmfs/larsoft.opensciencegrid.org/products/gcc/v7_3_0/Linux64bit+3.10-2.17/lib64;/lib64;/usr/lib64;/cvmfs/larsoft.opensciencegrid.org/products/gcc/v7_3_0/Linux64bit+3.10-2.17/lib]
  implicit fwks: []


Performing C++ SOURCE FILE Test COMPILER_SUPPORTS_CXX_FLAGS succeded with the following output:
Change Dir: /home/epp/phuznm/Documents/Pandora/LArReco/build/CMakeFiles/CMakeTmp

Run Build Command:/usr/bin/gmake "cmTryCompileExec3722528894/fast"
/usr/bin/gmake -f CMakeFiles/cmTryCompileExec3722528894.dir/build.make CMakeFiles/cmTryCompileExec3722528894.dir/build
gmake[1]: Entering directory `/home/epp/phuznm/Documents/Pandora/LArReco/build/CMakeFiles/CMakeTmp'
/usr/bin/cmake -E cmake_progress_report /home/epp/phuznm/Documents/Pandora/LArReco/build/CMakeFiles/CMakeTmp/CMakeFiles 1
Building CXX object CMakeFiles/cmTryCompileExec3722528894.dir/src.cxx.o
/cvmfs/larsoft.opensciencegrid.org/products/gcc/v7_3_0/Linux64bit+3.10-2.17/bin/c++    -Wall -Wextra -Werror -pedantic -Wno-long-long -Wno-sign-compare -Wshadow -fno-strict-aliasing -std=c++11 -std=c++17 -DCOMPILER_SUPPORTS_CXX_FLAGS   -Wall -Wextra -Werror -pedantic -Wno-long-long -Wno-sign-compare -Wshadow -fno-strict-aliasing -std=c++11 -std=c++17 -o CMakeFiles/cmTryCompileExec3722528894.dir/src.cxx.o -c /home/epp/phuznm/Documents/Pandora/LArReco/build/CMakeFiles/CMakeTmp/src.cxx
Linking CXX executable cmTryCompileExec3722528894
/usr/bin/cmake -E cmake_link_script CMakeFiles/cmTryCompileExec3722528894.dir/link.txt --verbose=1
/cvmfs/larsoft.opensciencegrid.org/products/gcc/v7_3_0/Linux64bit+3.10-2.17/bin/c++   -Wall -Wextra -Werror -pedantic -Wno-long-long -Wno-sign-compare -Wshadow -fno-strict-aliasing -std=c++11 -std=c++17 -DCOMPILER_SUPPORTS_CXX_FLAGS    CMakeFiles/cmTryCompileExec3722528894.dir/src.cxx.o  -o cmTryCompileExec3722528894 -rdynamic 
gmake[1]: Leaving directory `/home/epp/phuznm/Documents/Pandora/LArReco/build/CMakeFiles/CMakeTmp'

Source file was:
int main() { return 0;}
Performing C++ SOURCE FILE Test COMPILER_SUPPORTS_CXX_FLAGS succeded with the following output:
Change Dir: /home/epp/phuznm/Documents/Pandora/LArReco/build/CMakeFiles/CMakeTmp

Run Build Command:/usr/bin/gmake "cmTryCompileExec380503526/fast"
gmake[1]: Entering directory `/home/epp/phuznm/Documents/Pandora/LArReco/build/CMakeFiles/CMakeTmp'
/usr/bin/gmake -f CMakeFiles/cmTryCompileExec380503526.dir/build.make CMakeFiles/cmTryCompileExec380503526.dir/build
gmake[2]: Entering directory `/home/epp/phuznm/Documents/Pandora/LArReco/build/CMakeFiles/CMakeTmp'
/usr/bin/cmake -E cmake_progress_report /home/epp/phuznm/Documents/Pandora/LArReco/build/CMakeFiles/CMakeTmp/CMakeFiles 1
Building CXX object CMakeFiles/cmTryCompileExec380503526.dir/src.cxx.o
/cvmfs/larsoft.opensciencegrid.org/products/gcc/v7_3_0/Linux64bit+3.10-2.17/bin/c++    -Wall -Wextra -Werror -pedantic -Wno-long-long -Wno-sign-compare -Wshadow -fno-strict-aliasing -std=c++11 -std=c++17 -DCOMPILER_SUPPORTS_CXX_FLAGS   -Wall -Wextra -Werror -pedantic -Wno-long-long -Wno-sign-compare -Wshadow -fno-strict-aliasing -std=c++11 -std=c++17 -o CMakeFiles/cmTryCompileExec380503526.dir/src.cxx.o -c /home/epp/phuznm/Documents/Pandora/LArReco/build/CMakeFiles/CMakeTmp/src.cxx
Linking CXX executable cmTryCompileExec380503526
/usr/bin/cmake -E cmake_link_script CMakeFiles/cmTryCompileExec380503526.dir/link.txt --verbose=1
/cvmfs/larsoft.opensciencegrid.org/products/gcc/v7_3_0/Linux64bit+3.10-2.17/bin/c++   -Wall -Wextra -Werror -pedantic -Wno-long-long -Wno-sign-compare -Wshadow -fno-strict-aliasing -std=c++11 -std=c++17 -DCOMPILER_SUPPORTS_CXX_FLAGS    CMakeFiles/cmTryCompileExec380503526.dir/src.cxx.o  -o cmTryCompileExec380503526 -rdynamic 
gmake[2]: Leaving directory `/home/epp/phuznm/Documents/Pandora/LArReco/build/CMakeFiles/CMakeTmp'
gmake[1]: Leaving directory `/home/epp/phuznm/Documents/Pandora/LArReco/build/CMakeFiles/CMakeTmp'

Source file was:
int main() { return 0;}
